<?xml version="1.0" encoding="UTF-8"?>
<testng-results total="2" passed="2" failed="0" skipped="0">
  <reporter-output>
  </reporter-output>
  <suite started-at="2020-12-21T17:24:29Z" name="Lambdatest Suite" finished-at="2020-12-21T17:25:11Z" duration-ms="41737">
    <groups>
    </groups>
    <test started-at="2020-12-21T17:24:29Z" name="Test1" finished-at="2020-12-21T17:24:48Z" duration-ms="18105">
      <class name="com.lambdatest.Tests.ParallelTest">
        <test-method is-config="true" signature="setUp(java.lang.String, java.lang.String, java.lang.String)[pri:0, instance:com.lambdatest.Tests.ParallelTest@40ef3420]" started-at="2020-12-21T17:24:29Z" name="setUp" finished-at="2020-12-21T17:24:37Z" duration-ms="7191" status="PASS">
          <params>
            <param index="0">
              <value>
                <![CDATA[MicrosoftEdge]]>
              </value>
            </param>
            <param index="1">
              <value>
                <![CDATA[87.0]]>
              </value>
            </param>
            <param index="2">
              <value>
                <![CDATA[Windows 10]]>
              </value>
            </param>
          </params>
          <reporter-output>
          </reporter-output>
        </test-method> <!-- setUp -->
        <test-method signature="test()[pri:0, instance:com.lambdatest.Tests.ParallelTest@40ef3420]" started-at="2020-12-21T17:24:37Z" name="test" finished-at="2020-12-21T17:24:47Z" duration-ms="10605" status="PASS">
          <reporter-output>
          </reporter-output>
        </test-method> <!-- test -->
        <test-method is-config="true" signature="tearDown()[pri:0, instance:com.lambdatest.Tests.ParallelTest@40ef3420]" started-at="2020-12-21T17:24:47Z" name="tearDown" finished-at="2020-12-21T17:24:48Z" duration-ms="301" status="PASS">
          <reporter-output>
          </reporter-output>
        </test-method> <!-- tearDown -->
      </class> <!-- com.lambdatest.Tests.ParallelTest -->
    </test> <!-- Test1 -->
    <test started-at="2020-12-21T17:24:48Z" name="Test2" finished-at="2020-12-21T17:25:11Z" duration-ms="23592">
      <class name="com.lambdatest.Tests.ParallelTest">
        <test-method is-config="true" signature="setUp(java.lang.String, java.lang.String, java.lang.String)[pri:0, instance:com.lambdatest.Tests.ParallelTest@5ffead27]" started-at="2020-12-21T17:24:48Z" name="setUp" finished-at="2020-12-21T17:24:54Z" duration-ms="6326" status="PASS">
          <params>
            <param index="0">
              <value>
                <![CDATA[Chrome]]>
              </value>
            </param>
            <param index="1">
              <value>
                <![CDATA[86.0]]>
              </value>
            </param>
            <param index="2">
              <value>
                <![CDATA[macOS Big sur]]>
              </value>
            </param>
          </params>
          <reporter-output>
          </reporter-output>
        </test-method> <!-- setUp -->
        <test-method signature="test()[pri:0, instance:com.lambdatest.Tests.ParallelTest@5ffead27]" started-at="2020-12-21T17:24:54Z" name="test" finished-at="2020-12-21T17:25:10Z" duration-ms="16535" status="PASS">
          <reporter-output>
          </reporter-output>
        </test-method> <!-- test -->
        <test-method is-config="true" signature="tearDown()[pri:0, instance:com.lambdatest.Tests.ParallelTest@5ffead27]" started-at="2020-12-21T17:25:10Z" name="tearDown" finished-at="2020-12-21T17:25:11Z" duration-ms="731" status="PASS">
          <reporter-output>
          </reporter-output>
        </test-method> <!-- tearDown -->
      </class> <!-- com.lambdatest.Tests.ParallelTest -->
    </test> <!-- Test2 -->
  </suite> <!-- Lambdatest Suite -->
</testng-results>
